<?xml version="1.0" encoding="UTF-8"?>
<!-- Generated by org.testng.reporters.JUnitXMLReporter -->
<testsuite hostname="LAPTOP-2CUQSPR5" ignored="2" name="Test" tests="4" failures="0" timestamp="2021-12-10T09:17:46 IST" time="46.786" errors="0">
  <testcase name="Module2_Test1" time="4.112" classname="Cases.Module2TestCases"/>
  <testcase name="Module2_Test2" time="3.947" classname="Cases.Module2TestCases"/>
  <testcase name="Module1_Test1" time="4.663" classname="Cases.Module1TestCases"/>
  <testcase name="Module1_Test2" time="4.574" classname="Cases.Module1TestCases"/>
  <testcase name="@AfterSuite flushExtent" time="0.0" classname="BaseTest.BaseTest">
    <ignored/>
  </testcase> <!-- @AfterSuite flushExtent -->
  <testcase name="@BeforeSuite setExtent" time="0.0" classname="BaseTest.BaseTest">
    <ignored/>
  </testcase> <!-- @BeforeSuite setExtent -->
</testsuite> <!-- Test -->
