<?xml version="1.0" encoding="UTF-8"?>
<!-- Generated by org.testng.reporters.JUnitXMLReporter -->
<testsuite hostname="LAPTOP-2CUQSPR5" ignored="2" name="Test" tests="4" failures="0" timestamp="2021-12-10T10:56:51 IST" time="45.292" errors="0">
  <testcase name="Module2_Test1" time="4.436" classname="Cases.Module2TestCases"/>
  <testcase name="Module2_Test2" time="3.921" classname="Cases.Module2TestCases"/>
  <testcase name="Module1_Test1" time="4.408" classname="Cases.Module1TestCases"/>
  <testcase name="Module1_Test2" time="6.045" classname="Cases.Module1TestCases"/>
  <testcase name="@AfterSuite flushExtent" time="0.0" classname="BaseTest.BaseTest">
    <ignored/>
  </testcase> <!-- @AfterSuite flushExtent -->
  <testcase name="@BeforeSuite setExtent" time="0.0" classname="BaseTest.BaseTest">
    <ignored/>
  </testcase> <!-- @BeforeSuite setExtent -->
</testsuite> <!-- Test -->
