<?xml version="1.0" encoding="UTF-8"?>
<testng-results skipped="0" failed="0" ignored="2" total="6" passed="4">
  <reporter-output>
  </reporter-output>
  <suite name="Suite" duration-ms="46786" started-at="2021-12-10T09:16:59 IST" finished-at="2021-12-10T09:17:46 IST">
    <groups>
    </groups>
    <test name="Test" duration-ms="46786" started-at="2021-12-10T09:16:59 IST" finished-at="2021-12-10T09:17:46 IST">
      <class name="Cases.Module2TestCases">
        <test-method status="PASS" signature="setExtent()[pri:0, instance:Cases.Module2TestCases@5bcea91b]" name="setExtent" is-config="true" duration-ms="436" started-at="2021-12-10T09:16:59 IST" finished-at="2021-12-10T09:16:59 IST">
          <reporter-output>
          </reporter-output>
        </test-method> <!-- setExtent -->
        <test-method status="PASS" signature="beforeMethod(java.lang.reflect.Method)[pri:0, instance:Cases.Module2TestCases@5bcea91b]" name="beforeMethod" is-config="true" duration-ms="9883" started-at="2021-12-10T09:17:00 IST" finished-at="2021-12-10T09:17:09 IST">
          <params>
            <param index="0">
              <value>
                <![CDATA[public void Cases.Module2TestCases.Module2_Test1() throws java.lang.InterruptedException]]>
              </value>
            </param>
          </params>
          <reporter-output>
          </reporter-output>
        </test-method> <!-- beforeMethod -->
        <test-method status="PASS" signature="Module2_Test1()[pri:0, instance:Cases.Module2TestCases@5bcea91b]" name="Module2_Test1" duration-ms="4112" started-at="2021-12-10T09:17:09 IST" finished-at="2021-12-10T09:17:14 IST">
          <reporter-output>
          </reporter-output>
        </test-method> <!-- Module2_Test1 -->
        <test-method status="PASS" signature="afterMEthod()[pri:0, instance:Cases.Module2TestCases@5bcea91b]" name="afterMEthod" is-config="true" duration-ms="1530" started-at="2021-12-10T09:17:14 IST" finished-at="2021-12-10T09:17:15 IST">
          <reporter-output>
          </reporter-output>
        </test-method> <!-- afterMEthod -->
        <test-method status="PASS" signature="beforeMethod(java.lang.reflect.Method)[pri:0, instance:Cases.Module2TestCases@5bcea91b]" name="beforeMethod" is-config="true" duration-ms="4075" started-at="2021-12-10T09:17:15 IST" finished-at="2021-12-10T09:17:19 IST">
          <params>
            <param index="0">
              <value>
                <![CDATA[public void Cases.Module2TestCases.Module2_Test2() throws java.lang.InterruptedException]]>
              </value>
            </param>
          </params>
          <reporter-output>
          </reporter-output>
        </test-method> <!-- beforeMethod -->
        <test-method status="PASS" signature="Module2_Test2()[pri:0, instance:Cases.Module2TestCases@5bcea91b]" name="Module2_Test2" duration-ms="3947" started-at="2021-12-10T09:17:19 IST" finished-at="2021-12-10T09:17:23 IST">
          <reporter-output>
          </reporter-output>
        </test-method> <!-- Module2_Test2 -->
        <test-method status="PASS" signature="afterMEthod()[pri:0, instance:Cases.Module2TestCases@5bcea91b]" name="afterMEthod" is-config="true" duration-ms="1631" started-at="2021-12-10T09:17:23 IST" finished-at="2021-12-10T09:17:25 IST">
          <reporter-output>
          </reporter-output>
        </test-method> <!-- afterMEthod -->
        <test-method status="PASS" signature="flushExtent()[pri:0, instance:Cases.Module2TestCases@5bcea91b]" name="flushExtent" is-config="true" duration-ms="928" started-at="2021-12-10T09:17:46 IST" finished-at="2021-12-10T09:17:47 IST">
          <reporter-output>
          </reporter-output>
        </test-method> <!-- flushExtent -->
      </class> <!-- Cases.Module2TestCases -->
      <class name="Cases.Module1TestCases">
        <test-method status="PASS" signature="beforeMethod(java.lang.reflect.Method)[pri:0, instance:Cases.Module1TestCases@5f3a4b84]" name="beforeMethod" is-config="true" duration-ms="4356" started-at="2021-12-10T09:17:25 IST" finished-at="2021-12-10T09:17:29 IST">
          <params>
            <param index="0">
              <value>
                <![CDATA[public void Cases.Module1TestCases.Module1_Test1() throws java.lang.InterruptedException]]>
              </value>
            </param>
          </params>
          <reporter-output>
          </reporter-output>
        </test-method> <!-- beforeMethod -->
        <test-method status="PASS" signature="Module1_Test1()[pri:0, instance:Cases.Module1TestCases@5f3a4b84]" name="Module1_Test1" duration-ms="4663" started-at="2021-12-10T09:17:29 IST" finished-at="2021-12-10T09:17:34 IST">
          <reporter-output>
          </reporter-output>
        </test-method> <!-- Module1_Test1 -->
        <test-method status="PASS" signature="afterMEthod()[pri:0, instance:Cases.Module1TestCases@5f3a4b84]" name="afterMEthod" is-config="true" duration-ms="1752" started-at="2021-12-10T09:17:34 IST" finished-at="2021-12-10T09:17:36 IST">
          <reporter-output>
          </reporter-output>
        </test-method> <!-- afterMEthod -->
        <test-method status="PASS" signature="beforeMethod(java.lang.reflect.Method)[pri:0, instance:Cases.Module1TestCases@5f3a4b84]" name="beforeMethod" is-config="true" duration-ms="4624" started-at="2021-12-10T09:17:36 IST" finished-at="2021-12-10T09:17:40 IST">
          <params>
            <param index="0">
              <value>
                <![CDATA[public void Cases.Module1TestCases.Module1_Test2() throws java.lang.InterruptedException]]>
              </value>
            </param>
          </params>
          <reporter-output>
          </reporter-output>
        </test-method> <!-- beforeMethod -->
        <test-method status="PASS" signature="Module1_Test2()[pri:0, instance:Cases.Module1TestCases@5f3a4b84]" name="Module1_Test2" duration-ms="4574" started-at="2021-12-10T09:17:40 IST" finished-at="2021-12-10T09:17:45 IST">
          <reporter-output>
          </reporter-output>
        </test-method> <!-- Module1_Test2 -->
        <test-method status="PASS" signature="afterMEthod()[pri:0, instance:Cases.Module1TestCases@5f3a4b84]" name="afterMEthod" is-config="true" duration-ms="1532" started-at="2021-12-10T09:17:45 IST" finished-at="2021-12-10T09:17:46 IST">
          <reporter-output>
          </reporter-output>
        </test-method> <!-- afterMEthod -->
      </class> <!-- Cases.Module1TestCases -->
    </test> <!-- Test -->
  </suite> <!-- Suite -->
</testng-results>
